<?xml version="1.0" encoding="UTF-8"?>
<testng-results ignored="0" total="1" passed="1" failed="0" skipped="0">
  <reporter-output>
  </reporter-output>
  <suite started-at="2024-06-06T11:36:03Z" name="Default suite" finished-at="2024-06-06T11:36:09Z" duration-ms="6775">
    <groups>
    </groups>
    <test started-at="2024-06-06T11:36:03Z" name="Default test" finished-at="2024-06-06T11:36:09Z" duration-ms="6775">
      <class name="loginTest.SimpleBillingLoginTest">
        <test-method is-config="true" signature="setup()[pri:0, instance:loginTest.SimpleBillingLoginTest@1583741e]" started-at="2024-06-06T17:06:03Z" name="setup" finished-at="2024-06-06T17:06:08Z" duration-ms="5644" status="PASS">
          <reporter-output>
          </reporter-output>
        </test-method> <!-- setup -->
        <test-method signature="login()[pri:0, instance:loginTest.SimpleBillingLoginTest@1583741e]" started-at="2024-06-06T17:06:08Z" name="login" finished-at="2024-06-06T17:06:09Z" duration-ms="1106" status="PASS">
          <reporter-output>
          </reporter-output>
        </test-method> <!-- login -->
      </class> <!-- loginTest.SimpleBillingLoginTest -->
    </test> <!-- Default test -->
  </suite> <!-- Default suite -->
</testng-results>
